{"level":"info","message":"Server running on port 5000","timestamp":"2025-01-29T10:36:14.073Z"}
{"level":"error","message":"MongoDB connection error: The `uri` parameter to `openUri()` must be a string, got \"undefined\". Make sure the first parameter to `mongoose.connect()` or `mongoose.createConnection()` is a string.","stack":"MongooseError: The `uri` parameter to `openUri()` must be a string, got \"undefined\". Make sure the first parameter to `mongoose.connect()` or `mongoose.createConnection()` is a string.\n    at NativeConnection.createClient (F:\\user-management-dashboard\\server\\node_modules\\mongoose\\lib\\drivers\\node-mongodb-native\\connection.js:225:11)\n    at NativeConnection.openUri (F:\\user-management-dashboard\\server\\node_modules\\mongoose\\lib\\connection.js:1016:34)\n    at Mongoose.connect (F:\\user-management-dashboard\\server\\node_modules\\mongoose\\lib\\mongoose.js:446:15)\n    at Object.<anonymous> (F:\\user-management-dashboard\\server\\index.js:21:10)\n    at Module._compile (node:internal/modules/cjs/loader:1740:14)\n    at Object..js (node:internal/modules/cjs/loader:1905:10)\n    at Module.load (node:internal/modules/cjs/loader:1474:32)\n    at Function._load (node:internal/modules/cjs/loader:1286:12)\n    at TracingChannel.traceSync (node:diagnostics_channel:322:14)\n    at wrapModuleLoad (node:internal/modules/cjs/loader:234:24)","timestamp":"2025-01-29T10:36:14.078Z"}
{"level":"info","message":"Server running on port 5000","timestamp":"2025-01-29T10:37:06.399Z"}
{"level":"info","message":"Server running on port 5000","timestamp":"2025-01-29T10:37:09.022Z"}
{"level":"info","message":"Server running on port 5000","timestamp":"2025-01-29T10:37:19.864Z"}
{"level":"warn","message":"MongoDB disconnected. Attempting to reconnect...","timestamp":"2025-01-29T10:37:49.606Z"}
{"level":"info","message":"Server running on port 5000","timestamp":"2025-01-29T10:40:24.058Z"}
{"level":"info","message":"MongoDB Connected: cluster0-shard-00-00.1whui.mongodb.net","timestamp":"2025-01-29T10:40:36.623Z"}
{"level":"info","message":"Server running on port 5000","timestamp":"2025-01-29T11:00:23.277Z"}
{"level":"info","message":"MongoDB Connected: cluster0-shard-00-02.1whui.mongodb.net","timestamp":"2025-01-29T11:00:35.348Z"}
{"level":"info","message":"Server running on port 5000","timestamp":"2025-01-29T11:23:51.142Z"}
{"level":"info","message":"Server running on port 5000","timestamp":"2025-01-29T11:23:54.982Z"}
{"level":"info","message":"Server running on port 5000","timestamp":"2025-01-29T11:24:08.429Z"}
{"level":"info","message":"MongoDB Connected: cluster0-shard-00-00.1whui.mongodb.net","timestamp":"2025-01-29T11:24:26.458Z"}
{"level":"info","message":"Server running on port 5000","timestamp":"2025-01-29T11:24:53.027Z"}
{"level":"info","message":"Server running on port 5000","timestamp":"2025-01-29T11:24:56.726Z"}
{"level":"info","message":"MongoDB Connected: cluster0-shard-00-01.1whui.mongodb.net","timestamp":"2025-01-29T11:25:00.167Z"}
{"level":"info","message":"Server running on port 5000","timestamp":"2025-01-29T11:26:00.830Z"}
{"level":"info","message":"MongoDB Connected: cluster0-shard-00-00.1whui.mongodb.net","timestamp":"2025-01-29T11:26:04.301Z"}
{"level":"info","message":"Server running on port 5000","timestamp":"2025-01-29T11:26:32.313Z"}
{"level":"info","message":"Server running on port 5000","timestamp":"2025-01-29T11:26:34.946Z"}
{"level":"info","message":"MongoDB Connected: cluster0-shard-00-00.1whui.mongodb.net","timestamp":"2025-01-29T11:26:37.912Z"}
{"level":"info","message":"Server running on port 5000","timestamp":"2025-01-29T11:26:47.986Z"}
{"level":"info","message":"MongoDB Connected: cluster0-shard-00-01.1whui.mongodb.net","timestamp":"2025-01-29T11:26:51.069Z"}
{"level":"info","message":"Server running on port 5000","timestamp":"2025-01-29T11:30:09.954Z"}
{"level":"info","message":"Server running on port 5000","timestamp":"2025-01-29T11:30:11.613Z"}
{"kind":"ObjectId","level":"error","message":"Error updating user: Cast to ObjectId failed for value \"undefined\" (type string) at path \"_id\" for model \"User\"","path":"_id","reason":{},"stack":"CastError: Cast to ObjectId failed for value \"undefined\" (type string) at path \"_id\" for model \"User\"\n    at SchemaObjectId.cast (F:\\user-management-dashboard\\server\\node_modules\\mongoose\\lib\\schema\\objectId.js:250:11)\n    at SchemaType.applySetters (F:\\user-management-dashboard\\server\\node_modules\\mongoose\\lib\\schemaType.js:1255:12)\n    at SchemaType.castForQuery (F:\\user-management-dashboard\\server\\node_modules\\mongoose\\lib\\schemaType.js:1673:17)\n    at cast (F:\\user-management-dashboard\\server\\node_modules\\mongoose\\lib\\cast.js:390:32)\n    at Query.cast (F:\\user-management-dashboard\\server\\node_modules\\mongoose\\lib\\query.js:4889:12)\n    at Query._castConditions (F:\\user-management-dashboard\\server\\node_modules\\mongoose\\lib\\query.js:2306:10)\n    at model.Query._findOne (F:\\user-management-dashboard\\server\\node_modules\\mongoose\\lib\\query.js:2630:8)\n    at model.Query.exec (F:\\user-management-dashboard\\server\\node_modules\\mongoose\\lib\\query.js:4438:80)\n    at process.processTicksAndRejections (node:internal/process/task_queues:105:5)\n    at async exports.updateUser (F:\\user-management-dashboard\\server\\controllers\\UserController.js:55:20)","stringValue":"\"undefined\"","timestamp":"2025-01-29T11:30:14.152Z","value":"undefined","valueType":"string"}
{"level":"info","message":"Server running on port 5000","timestamp":"2025-01-29T11:30:22.236Z"}
{"level":"error","message":"Error fetching user: Operation `users.findOne()` buffering timed out after 10000ms","stack":"MongooseError: Operation `users.findOne()` buffering timed out after 10000ms\n    at Timeout.<anonymous> (F:\\user-management-dashboard\\server\\node_modules\\mongoose\\lib\\drivers\\node-mongodb-native\\collection.js:185:23)\n    at listOnTimeout (node:internal/timers:614:17)\n    at process.processTimers (node:internal/timers:549:7)","timestamp":"2025-01-29T11:30:32.518Z"}
{"level":"info","message":"MongoDB Connected: cluster0-shard-00-00.1whui.mongodb.net","timestamp":"2025-01-29T11:30:43.016Z"}
